  Color.h
  Libraries.h
  Vector.h
  Context.cpp
  D3D.cpp
  Keyboard.cpp
  Mouse.cpp
D:\Github\DX3D_Project\Framework\Systems\Mouse.h(61,10): error C3646: 'GetPosition': 알 수 없는 재정의 지정자입니다.
D:\Github\DX3D_Project\Framework\Systems\Mouse.h(61,21): error C2059: 구문 오류: '('
D:\Github\DX3D_Project\Framework\Systems\Mouse.h(61,24): error C2334: '{' 앞에 예기치 않은 토큰이 있습니다. 명백한 함수 본문을 건너뜁니다.
D:\Github\DX3D_Project\Framework\Systems\Mouse.h(76,10): error C3646: 'GetWheelValue': 알 수 없는 재정의 지정자입니다.
D:\Github\DX3D_Project\Framework\Systems\Mouse.h(76,23): error C2059: 구문 오류: '('
D:\Github\DX3D_Project\Framework\Systems\Mouse.h(77,2): error C2334: '{' 앞에 예기치 않은 토큰이 있습니다. 명백한 함수 본문을 건너뜁니다.
D:\Github\DX3D_Project\Framework\Systems\Mouse.h(85,10): error C3646: 'Position': 알 수 없는 재정의 지정자입니다.
D:\Github\DX3D_Project\Framework\Systems\Mouse.h(85,18): error C4430: 형식 지정자가 없습니다. int로 가정합니다. 참고: C++에서는 기본 int를 지원하지 않습니다.
D:\Github\DX3D_Project\Framework\Systems\Mouse.h(91,10): error C3646: 'WheelCurStatus': 알 수 없는 재정의 지정자입니다.
D:\Github\DX3D_Project\Framework\Systems\Mouse.h(91,24): error C4430: 형식 지정자가 없습니다. int로 가정합니다. 참고: C++에서는 기본 int를 지원하지 않습니다.
D:\Github\DX3D_Project\Framework\Systems\Mouse.h(92,10): error C3646: 'WheelBeforeStatus': 알 수 없는 재정의 지정자입니다.
D:\Github\DX3D_Project\Framework\Systems\Mouse.h(92,27): error C4430: 형식 지정자가 없습니다. int로 가정합니다. 참고: C++에서는 기본 int를 지원하지 않습니다.
D:\Github\DX3D_Project\Framework\Systems\Mouse.h(93,10): error C3646: 'WheelMoveValue': 알 수 없는 재정의 지정자입니다.
D:\Github\DX3D_Project\Framework\Systems\Mouse.h(93,24): error C4430: 형식 지정자가 없습니다. int로 가정합니다. 참고: C++에서는 기본 int를 지원하지 않습니다.
D:\Github\DX3D_Project\Framework\Systems\Mouse.cpp(6,2): error C2065: 'Position': 선언되지 않은 식별자입니다.
D:\Github\DX3D_Project\Framework\Systems\Mouse.cpp(6,13): error C2653: 'Vector3': 클래스 또는 네임스페이스 이름이 아닙니다.
D:\Github\DX3D_Project\Framework\Systems\Mouse.cpp(6,22): error C3861: 'ZeroVector': 식별자를 찾을 수 없습니다.
D:\Github\DX3D_Project\Framework\Systems\Mouse.cpp(7,2): error C2065: 'WheelCurStatus': 선언되지 않은 식별자입니다.
D:\Github\DX3D_Project\Framework\Systems\Mouse.cpp(7,19): error C2653: 'Vector3': 클래스 또는 네임스페이스 이름이 아닙니다.
D:\Github\DX3D_Project\Framework\Systems\Mouse.cpp(7,28): error C3861: 'ZeroVector': 식별자를 찾을 수 없습니다.
D:\Github\DX3D_Project\Framework\Systems\Mouse.cpp(8,2): error C2065: 'WheelBeforeStatus': 선언되지 않은 식별자입니다.
D:\Github\DX3D_Project\Framework\Systems\Mouse.cpp(8,22): error C2653: 'Vector3': 클래스 또는 네임스페이스 이름이 아닙니다.
D:\Github\DX3D_Project\Framework\Systems\Mouse.cpp(8,31): error C3861: 'ZeroVector': 식별자를 찾을 수 없습니다.
D:\Github\DX3D_Project\Framework\Systems\Mouse.cpp(9,2): error C2065: 'WheelMoveValue': 선언되지 않은 식별자입니다.
D:\Github\DX3D_Project\Framework\Systems\Mouse.cpp(9,19): error C2653: 'Vector3': 클래스 또는 네임스페이스 이름이 아닙니다.
D:\Github\DX3D_Project\Framework\Systems\Mouse.cpp(9,28): error C3861: 'ZeroVector': 식별자를 찾을 수 없습니다.
D:\Github\DX3D_Project\Framework\Systems\Mouse.cpp(79,2): error C2065: 'WheelBeforeStatus': 선언되지 않은 식별자입니다.
D:\Github\DX3D_Project\Framework\Systems\Mouse.cpp(79,24): error C2065: 'WheelCurStatus': 선언되지 않은 식별자입니다.
D:\Github\DX3D_Project\Framework\Systems\Mouse.cpp(80,2): error C2065: 'WheelBeforeStatus': 선언되지 않은 식별자입니다.
D:\Github\DX3D_Project\Framework\Systems\Mouse.cpp(80,24): error C2065: 'WheelCurStatus': 선언되지 않은 식별자입니다.
D:\Github\DX3D_Project\Framework\Systems\Mouse.cpp(82,2): error C2065: 'WheelCurStatus': 선언되지 않은 식별자입니다.
D:\Github\DX3D_Project\Framework\Systems\Mouse.cpp(83,2): error C2065: 'WheelCurStatus': 선언되지 않은 식별자입니다.
D:\Github\DX3D_Project\Framework\Systems\Mouse.cpp(85,2): error C2065: 'WheelMoveValue': 선언되지 않은 식별자입니다.
D:\Github\DX3D_Project\Framework\Systems\Mouse.cpp(85,19): error C2065: 'WheelCurStatus': 선언되지 않은 식별자입니다.
D:\Github\DX3D_Project\Framework\Systems\Mouse.cpp(85,36): error C2065: 'WheelBeforeStatus': 선언되지 않은 식별자입니다.
D:\Github\DX3D_Project\Framework\Systems\Mouse.cpp(86,2): error C2065: 'WheelBeforeStatus': 선언되지 않은 식별자입니다.
D:\Github\DX3D_Project\Framework\Systems\Mouse.cpp(86,24): error C2065: 'WheelCurStatus': 선언되지 않은 식별자입니다.
D:\Github\DX3D_Project\Framework\Systems\Mouse.cpp(126,3): error C2065: 'Position': 선언되지 않은 식별자입니다.
D:\Github\DX3D_Project\Framework\Systems\Mouse.cpp(127,3): error C2065: 'Position': 선언되지 않은 식별자입니다.
D:\Github\DX3D_Project\Framework\Systems\Mouse.cpp(133,3): error C2065: 'WheelBeforeStatus': 선언되지 않은 식별자입니다.
D:\Github\DX3D_Project\Framework\Systems\Mouse.cpp(133,25): error C2065: 'WheelCurStatus': 선언되지 않은 식별자입니다.
D:\Github\DX3D_Project\Framework\Systems\Mouse.cpp(134,3): error C2065: 'WheelCurStatus': 선언되지 않은 식별자입니다.
  Time.cpp
  Window.cpp
  Orthgraphic.cpp
  Perspective.cpp
  Projection.cpp
D:\Github\DX3D_Project\Framework\Viewer\Projection.cpp(22,18): error C2065: 'Perspective': 선언되지 않은 식별자입니다.
  Viewport.cpp
  코드를 생성하고 있습니다...
